<?xml version="1.0" encoding="UTF-8"?>
<testng-results total="1" passed="1" failed="0" skipped="0">
  <reporter-output>
  </reporter-output>
  <suite started-at="2020-12-07T19:10:53Z" name="Default suite" finished-at="2020-12-07T19:11:00Z" duration-ms="6904">
    <groups>
    </groups>
    <test started-at="2020-12-07T19:10:53Z" name="Default test" finished-at="2020-12-07T19:11:00Z" duration-ms="6904">
      <class name="com.WebTAproject.LoginPageTest">
        <test-method is-config="true" signature="setup()[pri:0, instance:com.WebTAproject.LoginPageTest@67b9b51a]" started-at="2020-12-07T20:10:53Z" name="setup" finished-at="2020-12-07T20:10:58Z" duration-ms="4863" status="PASS">
          <reporter-output>
          </reporter-output>
        </test-method> <!-- setup -->
        <test-method signature="LoginTest()[pri:0, instance:com.WebTAproject.LoginPageTest@67b9b51a]" started-at="2020-12-07T20:10:58Z" name="LoginTest" finished-at="2020-12-07T20:10:59Z" duration-ms="1247" status="PASS">
          <reporter-output>
          </reporter-output>
        </test-method> <!-- LoginTest -->
        <test-method is-config="true" signature="tearDown()[pri:0, instance:com.WebTAproject.LoginPageTest@67b9b51a]" started-at="2020-12-07T20:10:59Z" name="tearDown" finished-at="2020-12-07T20:11:00Z" duration-ms="779" status="PASS">
          <reporter-output>
          </reporter-output>
        </test-method> <!-- tearDown -->
      </class> <!-- com.WebTAproject.LoginPageTest -->
    </test> <!-- Default test -->
  </suite> <!-- Default suite -->
</testng-results>
